Starting Dynare (version 4.5.1).
Starting preprocessing of the model file ...
Found 38 equation(s).
Evaluating expressions...done
Computing static model derivatives:
 - order 1
Computing dynamic model derivatives:
 - order 1
Processing outputs ...
done
Preprocessing completed.
e="font-weight:bold">posterior_sampler_core</a> (<a href="matlab: opentoline('C:\programs\dynare\4.5.1\matlab\posterior_sampler_core.m',170,0)">line 170</a>)
        [par, logpost, accepted, neval] = posterior_sampler_iteration(TargetFun, last_draw(curr_block,:), last_posterior(curr_block),
        sampler_options,dataset_,dataset_info,options_,M_,estim_params_,b
èÍèä <a href="matlab:helpUtils.errorDocCallback('posterior_sampler', 'C:\programs\dynare\4.5.1\matlab\posterior_sampler.m', 121)" style="font-weight:bold">posterior_sampler</a> (<a href="matlab: opentoline('C:\programs\dynare\4.5.1\matlab\posterior_sampler.m',121,0)">line 121</a>)
    fout = posterior_sampler_core(localVars, fblck, nblck, 0);

èÍèä <a href="matlab:helpUtils.errorDocCallback('dynare_estimation_1', 'C:\programs\dynare\4.5.1\matlab\dynare_estimation_1.m', 447)" style="font-weight:bold">dynare_estimation_1</a> (<a href="matlab: opentoline('C:\programs\dynare\4.5.1\matlab\dynare_estimation_1.m',447,0)">line 447</a>)
            posterior_sampler(objective_function,posterior_sampler_options.proposal_distribution,xparam1,posterior_sampler_options,bounds,dataset_,dataset_info,options_,M_,estim_params_,bayestopt_,oo
            èÍèä <a href="matlab:helpUtils.errorDocCallback('dynare_estimation', 'C:\programs\dynare\4.5.1\matlab\dynare_estimation.m', 105)" style="font-weight:bold">dynare_estimation</a> (<a href="matlab: opentoline('C:\programs\dynare\4.5.1\matlab\dynare_estimation.m',105,0)">line 105</a>)
    dynare_estimation_1(var_list,dname);

èÍèä <a href="matlab:helpUtils.errorDocCallback('STANDARDr1', 'G:\work\DSGE\NIH\NI\20170911\170910 ver1\egv1_st_20170912\STANDARDr1.m', 636)" style="font-weight:bold">STANDARDr1</a> (<a href="matlab: opentoline('G:\work\DSGE\NIH\NI\20170911\170910 ver1\egv1_st_20170912\STANDARDr1.m',636,0)">line 636</a>)
oo_recursive_=dynare_estimation(var_list_);

èÍèä <a href="matlab:helpUtils.errorDocCallback('dynare', 'C:\programs\dynare\4.5.1\matlab\dynare.m', 223)" style="font-weight:bold">dynare</a> (<a href="matlab: opentoline('C:\programs\dynare\4.5.1\matlab\dynare.m',223,0)">line 223</a>)
evalin('base',fname) ;
} 
dynare STANDARDr1

Configuring Dynare ...
[mex] Generalized QZ.
[mex] Sylvester equation solution.
[mex] Kronecker products.
[mex] Sparse kronecker products.
[mex] Local state space iteration (second order).
[mex] Bytecode evaluation.
[mex] k-order perturbation solver.
[mex] k-order solution simulation.
[mex] Quasi Monte-Carlo sequence (Sobol).
[mex] Markov Switching SBVAR.

Using 64-bit preprocessor
Starting Dynare (version 4.5.1).
Starting preprocessing of the model file ...
Found 38 equation(s).
Evaluating expressions...done
Computing static model derivatives:
 - order 1
Computing dynamic model derivatives:
 - order 1
Processing outputs ...
done
Preprocessing completed.





Residuals of the static equations:

Equation number 1 : 0
Equation number 2 : 0
Equation number 3 : 0
Equation number 4 : 0
Equation number 5 : 0
Equation number 6 : 0
Equation number 7 : 0
Equation number 8 : 0
Equation number 9 : 0
Equation number 10 : 0
Equation number 11 : 0
Equation number 12 : 0
Equation number 13 : 0
Equation number 14 : 0
Equation number 15 : 0
Equation number 16 : 0
Equation number 17 : 0
Equation number 18 : 0
Equation number 19 : 0
Equation number 20 : 0
Equation number 21 : 0
Equation number 22 : 0
Equation number 23 : 0
Equation number 24 : 0
Equation number 25 : 0
Equation number 26 : 0
Equation number 27 : 0
Equation number 28 : 0
Equation number 29 : 0
Equation number 30 : 0
Equation number 31 : 0
Equation number 32 : 0
Equation number 33 : 0
Equation number 34 : 0
Equation number 35 : 0
Equation number 36 : 0
Equation number 37 : 0
Equation number 38 : 0



EIGENVALUES:
         Modulus             Real        Imaginary

               0                0                0
               0               -0                0
       6.661e-15       -6.661e-15                0
          0.2399           0.1989           0.1341
          0.2399           0.1989          -0.1341
          0.3862           0.3862                0
             0.5              0.5                0
             0.5              0.5                0
             0.5              0.5                0
             0.5              0.5                0
             0.5              0.5                0
             0.5              0.5                0
          0.7809           0.7809                0
          0.9746           0.9746                0
            0.99             0.99                0
           1.037            1.037                0
            1.26             1.26                0
           1.355            1.205           0.6196
           1.355            1.205          -0.6196
           2.005            2.005                0
           2.135            2.135                0
            4.01             4.01                0
       3.331e+16        3.331e+16                0
       3.853e+16       -3.853e+16                0
       1.143e+17       -1.143e+17                0
       2.352e+17       -2.352e+17                0
        2.75e+17         2.75e+17                0
       1.254e+19       -1.254e+19                0
       1.373e+19        1.373e+19                0
       1.637e+34       -1.637e+34                0
       1.021e+47       -1.021e+47                0
             Inf              Inf                0


There are 17 eigenvalue(s) larger than 1 in modulus 
for 17 forward-looking variable(s)

The rank condition is verified.


STEADY-STATE RESULTS:

LAMBDA_C    		 0.479544
MU_Z        		 1.005
C           		 2.08531
I           		 1.26987
Q_K         		 1
DELTA       		 0.025
DELTA_PRIME 		 0.0325188
SDF         		 0.992537
K           		 42.5405
L           		 1
U_K         		 1
PPI         		 1.002
PPI_O       		 1.002
W           		 2.06473
W_O         		 2.06473
K_W         		 1.14702
F_W         		 1.31907
K_P         		 6.86526
F_P         		 8.92484
R_K         		 0.0325188
R_N         		 1.00953
Y           		 4.47358
MC          		 0.769231
Z_Z         		 1
Z_B         		 1
Z_L         		 1
Z_I         		 1
Z_G         		 1
Z_R         		 1
Z_P         		 1
Z_W         		 1
DY_OBS      		 1.005
DC_OBS      		 1.005
DI_OBS      		 1.005
DW_OBS      		 1.005
R_N_OBS     		 1.00953
PI_OBS      		 1.002
L_OBS       		 1.07
MODEL_DIAGNOSTICS:  No obvious problems with this mod-file were detected.

Initial value of the log posterior (or likelihood): 2258.9575
Gradient norm 2.0181
Minimum Hessian eigenvalue 1.4094e-06
Maximum Hessian eigenvalue 31821553.6918
 
Iteration 1
Correct for low angle: 0.00377641
Predicted improvement:       25.867778331
lambda =          1; f =        -2126.4067397
lambda =    0.33333; f =        -2249.3893616
lambda =    0.11111; f =        -2258.7873364
lambda =   0.037037; f =        25827.5423494
lambda =   0.012346; f =          824.6287126
lambda =  0.0041152; f =        -1928.5672432
lambda =  0.0013717; f =        -2226.1760565
lambda = 0.00045725; f =        -2256.4764450
lambda = 0.00015242; f =        -2258.9207382
lambda = 5.0805e-05; f =        -2255.8603372
lambda = 1.6935e-05; f =        -2258.6176967
lambda =  5.645e-06; f =        -2258.9187158
lambda = 1.8817e-06; f =        -2258.9531692
lambda = 6.2723e-07; f =        -2258.9570157
lambda = 2.0908e-07; f =        -2258.9574314
lambda = 6.9692e-08; f =        -2258.9574729
lambda = 2.3231e-08; f =        -2258.9574760
Norm of dx     5127.1
Predicted improvement:        2.036444123
lambda =          1; f =        -2258.5823595
lambda =    0.33333; f =        -2258.9452595
lambda =    0.11111; f =        -2258.9407654
lambda =   0.037037; f =        -2258.9560208
lambda =   0.012346; f =        -2258.9574152
lambda =  0.0041152; f =        -2121.4497111
lambda =  0.0013717; f =        -2253.1996826
lambda = 0.00045725; f =        -2258.4249969
lambda = 0.00015242; f =        -2258.9016772
lambda = 5.0805e-05; f =        -2258.9515042
lambda = 1.6935e-05; f =        -2258.9568582
lambda =  5.645e-06; f =        -2258.9574215
lambda = 1.8817e-06; f =        -2258.9574746
lambda = 6.2723e-07; f =        -2258.9574774
Norm of dx     2.0181
Sequence of univariate steps!!
Try diagonal Hessian
Correct for low angle: 0.00155519
Predicted improvement:        0.031161113
lambda =          1; f =        -2226.7526421
lambda =    0.33333; f =        -2256.5290534
lambda =    0.11111; f =        -2258.9228261
lambda =   0.037037; f =        -2255.9783710
lambda =   0.012346; f =        -2258.6560192
lambda =  0.0041152; f =        -2258.9242546
lambda =  0.0013717; f =        -2258.9537631
lambda = 0.00045725; f =        -2258.9570553
lambda = 0.00015242; f =        -2258.9574273
lambda = 5.0805e-05; f =        -2258.9574708
lambda = 1.6935e-05; f =        -2258.9574763
lambda =  5.645e-06; f =        -2258.9574772
lambda = 1.8817e-06; f =        -2258.9574773
lambda = 6.2723e-07; f =        -2258.9574774
lambda = 2.0908e-07; f =        -2258.9574774
lambda = 6.9692e-08; f =        -2258.9574774
lambda = 2.3231e-08; f =        -2258.9574774
lambda = 7.7435e-09; f =        -2258.9574774
lambda = 2.5812e-09; f =        -2258.9574774
Norm of dx     6.1763
Try gradient direction
Predicted improvement:        0.000203644
lambda =          1; f =        -2258.9334871
lambda =    0.33333; f =        -2258.9548570
lambda =    0.11111; f =        -2258.9571929
lambda =   0.037037; f =        -2258.9574477
lambda =   0.012346; f =        -2258.9574747
lambda =  0.0041152; f =        -2258.9574773
lambda =  0.0013717; f =        -2258.9574775
lambda = 0.00045725; f =        -2258.9574774
lambda = 0.00015242; f =        -2258.9574774
lambda = 5.0805e-05; f =        -2258.9574774
lambda = 1.6935e-05; f =        -2258.9574774
lambda =  5.645e-06; f =        -2258.9574774
lambda = 1.8817e-06; f =        -2258.9574774
lambda = 6.2723e-07; f =        -2258.9574774
lambda = 1.2125e-06; f =        -2258.9574774
lambda = 8.1646e-07; f =        -2258.9574774
lambda = 6.4398e-07; f =        -2258.9574774
lambda = 6.3221e-07; f =        -2258.9574774
Norm of dx 0.00020181
No further improvement is possible!
Actual dxnorm 0.00011914
FVAL          -2258.9575
Improvement   1.977e-06
Ftol          1e-05
Htol          1e-05
Gradient norm  2.0181
Minimum Hessian eigenvalue 1.4094e-06
Maximum Hessian eigenvalue 31821553.6918
Estimation successful.

Final value of minus the log posterior (or likelihood):-2258.957477 

MODE CHECK

Fval obtained by the minimization routine (minus the posterior/likelihood)): -2258.957477

RESULTS FROM POSTERIOR ESTIMATION
parameters
      prior mean     mode    s.d. prior pstdev

omega     2.000   2.2281  0.7052 gamm  0.7500 
zeta_k    1.000   1.3431  0.1090 gamm  0.1000 
zetainv   4.000   3.2880  0.6110 gamm  1.5000 
lbar      1.115   1.1134  0.0049 gamm  0.0050 
ppiss     1.003   1.0030  0.0010 gamm  0.0010 
gamma_p   0.400   0.8209  0.1113 beta  0.1500 
gamma_w   0.400   0.2567  0.1360 beta  0.1500 
xi_p      0.375   0.9474  0.0064 beta  0.1000 
xi_w      0.375   0.5363  0.0723 beta  0.1000 
phi_r     0.800   0.8215  0.0376 beta  0.1000 
phi_pi    1.700   1.6462  0.0891 gamm  0.1000 
phi_y     0.125   0.2521  0.0414 gamm  0.0500 
rho_b     0.950   0.9916  0.0022 beta  0.0100 
rho_l     0.500   0.7373  0.0538 beta  0.1000 
rho_i     0.500   0.2568  0.0621 beta  0.2000 
rho_g     0.500   0.8858  0.0218 beta  0.2000 
rho_z     0.500   0.0797  0.0219 beta  0.1000 
rho_p     0.500   0.2462  0.0876 beta  0.1000 
rho_w     0.500   0.5000  0.1066 beta  0.1000 

standard deviation of shocks
      prior mean     mode    s.d. prior pstdev

EPS_B     0.500   0.0712  0.0109 invg     Inf 
EPS_L     2.000   0.9168  0.3430 invg     Inf 
EPS_I     0.500   0.1400  0.0245 invg     Inf 
EPS_G     0.500   0.0504  0.0031 invg     Inf 
EPS_R     0.500   0.0339  0.0020 invg     Inf 
EPS_Z     0.500   0.0385  0.0023 invg     Inf 
EPS_P     0.500   0.5372  0.0575 invg     Inf 
EPS_W     0.500   0.2300  0.0937 invg     Inf 


Log data density [Laplace approximation] is 2183.994810.

Estimation::mcmc: Multiple chains mode.
Estimation::mcmc: Old metropolis.log file successfully erased!
Estimation::mcmc: Creation of a new metropolis.log file.
Estimation::mcmc: Searching for initial values...
Estimation::mcmc: Initial values found!

Estimation::mcmc: Write details about the MCMC... Ok!
Estimation::mcmc: Details about the MCMC are available in STANDARDr1/metropolis\STANDARDr1_mh_history_0.mat


Estimation::mcmc: Number of mh files: 1 per block.
Estimation::mcmc: Total number of generated files: 3.
Estimation::mcmc: Total number of iterations: 12500.
Estimation::mcmc: Current acceptance ratio per chain: 
                                                       Chain  1: 26.064%
                                                       Chain  2: 26.04%
                                                       Chain  3: 26.344%
Estimation::mcmc: Total number of MH draws per chain: 12500.
Estimation::mcmc: Total number of generated MH files: 1.
Estimation::mcmc: I'll use mh-files 1 to 1.
Estimation::mcmc: In MH-file number 1 I'll start at line 2501.
Estimation::mcmc: Finally I keep 10000 draws per chain.



MCMC Inefficiency factors per block
Parameter       Block 1     Block 2     Block 3
SE_EPS_B        271.016     294.735     206.631
SE_EPS_L        278.572     558.644     316.442
SE_EPS_I        332.183     252.694     206.452
SE_EPS_G        135.415     140.011      92.772
SE_EPS_R        150.186     136.379      81.498
SE_EPS_Z        111.790      86.666     114.381
SE_EPS_P        487.877     388.746     538.071
SE_EPS_W        229.589     267.847     322.259
omega           372.631     153.419     244.388
zeta_k          148.830     106.811     168.548
zetainv         369.279     258.688     219.305
lbar            104.154     151.007      76.339
ppiss           119.826     102.663     171.671
gamma_p         126.189      92.953      66.048
gamma_w          46.385      89.752     142.021
xi_p            392.684     259.936     402.823
xi_w            310.950     312.184     302.094
phi_r           354.027     318.167     161.803
phi_pi          148.891      92.739     171.049
phi_y           333.251     288.810     243.371
rho_b           449.510     568.572     373.404
rho_l           178.959     403.871     287.354
rho_i           137.438     138.221     139.953
rho_g           216.187     100.118     116.991
rho_z           131.183     149.789     152.477
rho_p           198.061     214.599     166.324
rho_w            90.777     132.163      85.318

Estimation::mcmc::diagnostics: Univariate convergence diagnostic, Brooks and Gelman (1998):
    Parameter 1...  Done! 
    Parameter 2...  Done! 
    Parameter 3...  Done! 
    Parameter 4...  Done! 
    Parameter 5...  Done! 
    Parameter 6...  Done! 
    Parameter 7...  Done! 
    Parameter 8...  Done! 
    Parameter 9...  Done! 
    Parameter 10...  Done! 
    Parameter 11...  Done! 
    Parameter 12...  Done! 
    Parameter 13...  Done! 
    Parameter 14...  Done! 
    Parameter 15...  Done! 
    Parameter 16...  Done! 
    Parameter 17...  Done! 
    Parameter 18...  Done! 
    Parameter 19...  Done! 
    Parameter 20...  Done! 
    Parameter 21...  Done! 
    Parameter 22...  Done! 
    Parameter 23...  Done! 
    Parameter 24...  Done! 
    Parameter 25...  Done! 
    Parameter 26...  Done! 
    Parameter 27...  Done! 

Estimation::marginal density: I'm computing the posterior mean and covariance...  Done!
Estimation::marginal density: I'm computing the posterior log marginal density (modified harmonic mean)... Done!


ESTIMATION RESULTS

Log data density is 2194.512558.

parameters
          prior mean   post. mean        90% HPD interval    prior       pstdev

omega          2.000       2.7812      1.4720      4.0673   gamm        0.7500
zeta_k         1.000       1.4595      1.2620      1.6264   gamm        0.1000
zetainv        4.000       4.4414      2.8547      5.9995   gamm        1.5000
lbar           1.115       1.1121      1.1043      1.1199   gamm        0.0050
ppiss          1.003       1.0036      1.0020      1.0052   gamm        0.0010
gamma_p        0.400       0.1141      0.0285      0.1989   beta        0.1500
gamma_w        0.400       0.2858      0.0825      0.4867   beta        0.1500
xi_p           0.375       0.9689      0.9608      0.9770   beta        0.1000
xi_w           0.375       0.4654      0.3463      0.5816   beta        0.1000
phi_r          0.800       0.8328      0.7787      0.8938   beta        0.1000
phi_pi         1.700       1.5691      1.4255      1.7284   gamm        0.1000
phi_y          0.125       0.2581      0.1713      0.3452   gamm        0.0500
rho_b          0.950       0.9846      0.9795      0.9897   beta        0.0100
rho_l          0.500       0.6727      0.5814      0.7680   beta        0.1000
rho_i          0.500       0.2831      0.1807      0.4002   beta        0.2000
rho_g          0.500       0.8638      0.8242      0.9003   beta        0.2000
rho_z          0.500       0.0904      0.0529      0.1289   beta        0.1000
rho_p          0.500       0.4645      0.3311      0.6061   beta        0.1000
rho_w          0.500       0.4980      0.3378      0.6691   beta        0.1000

standard deviation of shocks
          prior mean   post. mean        90% HPD interval    prior       pstdev

EPS_B          0.500       0.0721      0.0577      0.0859   invg           Inf
EPS_L          2.000       0.9687      0.4148      1.5063   invg           Inf
EPS_I          0.500       0.1798      0.1203      0.2360   invg           Inf
EPS_G          0.500       0.0524      0.0468      0.0575   invg           Inf
EPS_R          0.500       0.0342      0.0308      0.0376   invg           Inf
EPS_Z          0.500       0.0395      0.0357      0.0434   invg           Inf
EPS_P          0.500       0.6943      0.5015      0.8624   invg           Inf
EPS_W          0.500       0.3164      0.1297      0.5132   invg           Inf


MODEL SUMMARY

  Number of variables:         38
  Number of stochastic shocks: 8
  Number of state variables:   15
  Number of jumpers:           17
  Number of static variables:  13


MATRIX OF COVARIANCE OF EXOGENOUS SHOCKS
Variables       EPS_Z     EPS_B     EPS_L     EPS_I     EPS_G     EPS_R     EPS_P     EPS_W
EPS_Z        0.010000  0.000000  0.000000  0.000000  0.000000  0.000000  0.000000  0.000000
EPS_B        0.000000  0.010000  0.000000  0.000000  0.000000  0.000000  0.000000  0.000000
EPS_L        0.000000  0.000000  0.010000  0.000000  0.000000  0.000000  0.000000  0.000000
EPS_I        0.000000  0.000000  0.000000  0.010000  0.000000  0.000000  0.000000  0.000000
EPS_G        0.000000  0.000000  0.000000  0.000000  0.010000  0.000000  0.000000  0.000000
EPS_R        0.000000  0.000000  0.000000  0.000000  0.000000  0.010000  0.000000  0.000000
EPS_P        0.000000  0.000000  0.000000  0.000000  0.000000  0.000000  0.010000  0.000000
EPS_W        0.000000  0.000000  0.000000  0.000000  0.000000  0.000000  0.000000  0.010000

POLICY AND TRANSITION FUNCTIONS
                                   Y               C               I             R_K             R_N               W               L             PPI            MU_Z          DY_OBS          DC_OBS          DI_OBS          DW_OBS          PI_OBS         R_N_OBS           L_OBS
Constant                    1.498188        0.734920        0.238912       -3.425937        0.011088        0.724998               0        0.003597        0.004988        0.004988        0.004988        0.004988        0.004988        0.003597        0.011088        0.106251
K(-1)                       0.109327        0.392627       -0.259608       -0.850303        0.001533       -0.040349       -0.214654       -0.012141               0        0.109327        0.392627       -0.259608       -0.040349       -0.012141        0.001533       -0.214654
R_N(-1)                    -1.610072       -2.634542       -1.345755       -2.959288        0.760664       -0.625082       -2.543754       -0.010158               0       -1.610072       -2.634542       -1.345755       -0.625082       -0.010158        0.760664       -2.543754
Y(-1)                              0               0               0               0               0               0               0               0               0       -1.000000               0               0               0               0               0               0
Z_L(-1)                    -0.000660       -0.003640        0.003652        0.017647        0.000094        0.032717       -0.006688        0.000466               0       -0.000660       -0.003640        0.003652        0.032717        0.000466        0.000094       -0.006688
Z_G(-1)                     0.137910       -0.131092       -0.059687        0.080075        0.006218        0.011942        0.165163        0.001018               0        0.137910       -0.131092       -0.059687        0.011942        0.001018        0.006218        0.165163
Z_P(-1)                    -0.001657       -0.001976       -0.002595       -0.004350        0.000844       -0.003807       -0.001875        0.003492               0       -0.001657       -0.001976       -0.002595       -0.003807        0.003492        0.000844       -0.001875
Z_W(-1)                    -0.000042       -0.000239        0.000244        0.001798        0.000007        0.003473       -0.000713        0.000033               0       -0.000042       -0.000239        0.000244        0.003473        0.000033        0.000007       -0.000713
C(-1)                              0               0               0               0               0               0               0               0               0               0       -1.000000               0               0               0               0               0
I(-1)                       0.177791       -0.100589        0.791516        0.076531        0.007428        0.017045        0.201585       -0.000931               0        0.177791       -0.100589       -0.208484        0.017045       -0.000931        0.007428        0.201585
PPI(-1)                    -0.058687       -0.096758       -0.047855       -0.038731        0.027495        0.110909       -0.118543        0.114459               0       -0.058687       -0.096758       -0.047855        0.110909        0.114459        0.027495       -0.118543
W(-1)                      -0.004958       -0.026463        0.025990        0.397289        0.000805        0.809262       -0.169747        0.003885               0       -0.004958       -0.026463        0.025990       -0.190738        0.003885        0.000805       -0.169747
Z_Z(-1)                    -0.021928       -0.018446       -0.046960        0.038872       -0.000705       -0.069100        0.021261        0.000919        0.090399        0.068471        0.071953        0.043440        0.021299        0.000919       -0.000705        0.021261
Z_B(-1)                     0.100364        0.253655       -0.062969        0.084752        0.007979        0.039459        0.118482        0.013904               0        0.100364        0.253655       -0.062969        0.039459        0.013904        0.007979        0.118482
Z_I(-1)                     0.014370       -0.006414        0.061155        0.002618        0.000556        0.001361        0.014873       -0.000243               0        0.014370       -0.006414        0.061155        0.001361       -0.000243        0.000556        0.014873
EPS_Z                      -0.242572       -0.204049       -0.519469        0.430006       -0.007802       -0.764386        0.235185        0.010163        1.000000        0.757428        0.795951        0.480531        0.235614        0.010163       -0.007802        0.235185
EPS_B                       0.101935        0.257623       -0.063954        0.086078        0.008104        0.040077        0.120335        0.014122               0        0.101935        0.257623       -0.063954        0.040077        0.014122        0.008104        0.120335
EPS_L                      -0.000981       -0.005411        0.005429        0.026232        0.000139        0.048633       -0.009941        0.000693               0       -0.000981       -0.005411        0.005429        0.048633        0.000693        0.000139       -0.009941
EPS_I                       0.050763       -0.022657        0.216038        0.009250        0.001965        0.004809        0.052540       -0.000858               0        0.050763       -0.022657        0.216038        0.004809       -0.000858        0.001965        0.052540
EPS_G                       0.159647       -0.151755       -0.069095        0.092697        0.007199        0.013824        0.191196        0.001179               0        0.159647       -0.151755       -0.069095        0.013824        0.001179        0.007199        0.191196
EPS_R                      -1.933301       -3.163438       -1.615921       -3.553378        0.913371       -0.750571       -3.054424       -0.012197               0       -1.933301       -3.163438       -1.615921       -0.750571       -0.012197        0.913371       -3.054424
EPS_P                      -0.003568       -0.004253       -0.005585       -0.009364        0.001818       -0.008195       -0.004035        0.007516               0       -0.003568       -0.004253       -0.005585       -0.008195        0.007516        0.001818       -0.004035
EPS_W                      -0.000085       -0.000480        0.000491        0.003610        0.000014        0.006975       -0.001431        0.000066               0       -0.000085       -0.000480        0.000491        0.006975        0.000066        0.000014       -0.001431


THEORETICAL MOMENTS
VARIABLE         MEAN  STD. DEV.   VARIANCE
Y              1.4982     0.3833     0.1469
C              0.7349     0.4981     0.2481
I              0.2389     0.8481     0.7193
R_K           -3.4259     0.7459     0.5564
R_N            0.0111     0.1349     0.0182
W              0.7250     0.4347     0.1890
L              0.0000     0.5244     0.2750
PPI            0.0036     0.0128     0.0002
MU_Z           0.0050     0.1004     0.0101
DY_OBS         0.0050     0.2168     0.0470
DC_OBS         0.0050     0.3545     0.1257
DI_OBS         0.0050     0.2284     0.0522
DW_OBS         0.0050     0.1097     0.0120
PI_OBS         0.0036     0.0128     0.0002
R_N_OBS        0.0111     0.1349     0.0182
L_OBS          0.1063     0.5244     0.2750



VARIANCE DECOMPOSITION (in percent)
            EPS_Z   EPS_B   EPS_L   EPS_I   EPS_G   EPS_R   EPS_P   EPS_W
Y            1.06    0.17    0.00    0.06    0.33   98.38    0.00    0.00
C           16.78    2.59    0.00    0.05    0.69   79.89    0.00    0.00
I           20.24    2.28    0.00    0.27    0.49   76.71    0.00    0.00
R_K         20.18    5.02    0.02    0.10    0.16   74.52    0.00    0.00
R_N          0.54    1.55    0.00    0.01    0.07   97.83    0.00    0.00
W            9.39    4.52    0.22    0.02    0.02   85.82    0.01    0.00
L            7.05    0.41    0.01    0.04    0.28   92.21    0.00    0.00
PPI         15.25   78.81    0.02    0.09    0.22    5.12    0.49    0.00
MU_Z       100.00    0.00    0.00    0.00    0.00    0.00    0.00    0.00
DY_OBS      12.85    0.26    0.00    0.07    0.65   86.17    0.00    0.00
DC_OBS       5.09    0.54    0.00    0.01    0.19   94.16    0.00    0.00
DI_OBS      12.42    0.33    0.00    1.09    0.25   85.91    0.00    0.00
DW_OBS      15.44    0.24    0.29    0.01    0.03   83.99    0.01    0.00
PI_OBS      15.25   78.81    0.02    0.09    0.22    5.12    0.49    0.00
R_N_OBS      0.54    1.55    0.00    0.01    0.07   97.83    0.00    0.00
L_OBS        7.05    0.41    0.01    0.04    0.28   92.21    0.00    0.00



MATRIX OF CORRELATIONS
Variables          Y        C        I      R_K      R_N        W        L      PPI     MU_Z   DY_OBS   DC_OBS   DI_OBS   DW_OBS   PI_OBS  R_N_OBS    L_OBS
Y             1.0000   0.7962   0.8143   0.8347  -0.9169   0.8395   0.9275   0.1482  -0.0682   0.2192   0.1266   0.4240   0.4964   0.1482  -0.9169   0.9275
C             0.7962   1.0000   0.3191   0.5146  -0.8846   0.5260   0.7004   0.0517  -0.0471   0.4201   0.3261   0.5959   0.5930   0.0517  -0.8846   0.7004
I             0.8143   0.3191   1.0000   0.8280  -0.6119   0.8282   0.7917   0.1792  -0.0631  -0.0585  -0.1100   0.1061   0.2178   0.1792  -0.6119   0.7917
R_K           0.8347   0.5146   0.8280   1.0000  -0.7659   0.6765   0.9548   0.5211   0.0649   0.3060   0.1753   0.5484   0.6410   0.5211  -0.7659   0.9548
R_N          -0.9169  -0.8846  -0.6119  -0.7659   1.0000  -0.5715  -0.9165  -0.0343  -0.0067  -0.4651  -0.3301  -0.7105  -0.7456  -0.0343   1.0000  -0.9165
W             0.8395   0.5260   0.8282   0.6765  -0.5715   1.0000   0.6670   0.2639  -0.1896  -0.1590  -0.1520  -0.0714   0.0049   0.2639  -0.5715   0.6670
L             0.9275   0.7004   0.7917   0.9548  -0.9165   0.6670   1.0000   0.3173   0.0500   0.3871   0.2427   0.6457   0.7259   0.3173  -0.9165   1.0000
PPI           0.1482   0.0517   0.1792   0.5211  -0.0343   0.2639   0.3173   1.0000   0.0883   0.1072   0.0510   0.1941   0.2502   1.0000  -0.0343   0.3173
MU_Z         -0.0682  -0.0471  -0.0631   0.0649  -0.0067  -0.1896   0.0500   0.0883   1.0000   0.3536   0.2230   0.2264   0.2319   0.0883  -0.0067   0.0500
DY_OBS        0.2192   0.4201  -0.0585   0.3060  -0.4651  -0.1590   0.3871   0.1072   0.3536   1.0000   0.9511   0.7508   0.7131   0.1072  -0.4651   0.3871
DC_OBS        0.1266   0.3261  -0.1100   0.1753  -0.3301  -0.1520   0.2427   0.0510   0.2230   0.9511   1.0000   0.5621   0.5148   0.0510  -0.3301   0.2427
DI_OBS        0.4240   0.5959   0.1061   0.5484  -0.7105  -0.0714   0.6457   0.1941   0.2264   0.7508   0.5621   1.0000   0.9771   0.1941  -0.7105   0.6457
DW_OBS        0.4964   0.5930   0.2178   0.6410  -0.7456   0.0049   0.7259   0.2502   0.2319   0.7131   0.5148   0.9771   1.0000   0.2502  -0.7456   0.7259
PI_OBS        0.1482   0.0517   0.1792   0.5211  -0.0343   0.2639   0.3173   1.0000   0.0883   0.1072   0.0510   0.1941   0.2502   1.0000  -0.0343   0.3173
R_N_OBS      -0.9169  -0.8846  -0.6119  -0.7659   1.0000  -0.5715  -0.9165  -0.0343  -0.0067  -0.4651  -0.3301  -0.7105  -0.7456  -0.0343   1.0000  -0.9165
L_OBS         0.9275   0.7004   0.7917   0.9548  -0.9165   0.6670   1.0000   0.3173   0.0500   0.3871   0.2427   0.6457   0.7259   0.3173  -0.9165   1.0000



COEFFICIENTS OF AUTOCORRELATION
Order           1       2       3       4       5
Y          0.8582  0.7195  0.5910  0.4763  0.3765
C          0.7584  0.5799  0.4510  0.3600  0.2973
I          0.9639  0.8880  0.7913  0.6866  0.5826
R_K        0.8720  0.7496  0.6368  0.5360  0.4480
R_N        0.7341  0.5277  0.3704  0.2528  0.1668
W          0.9550  0.8757  0.7800  0.6784  0.5781
L          0.8072  0.6384  0.4942  0.3739  0.2754
PPI        0.9827  0.9625  0.9426  0.9233  0.9046
MU_Z       0.0904  0.0082  0.0007  0.0001  0.0000
DY_OBS     0.0142 -0.0138 -0.0290 -0.0368 -0.0398
DC_OBS    -0.1280 -0.1001 -0.0769 -0.0579 -0.0426
DI_OBS     0.6231  0.3524  0.1615  0.0310 -0.0541
DW_OBS     0.6642  0.4096  0.2219  0.0876 -0.0049
PI_OBS     0.9827  0.9625  0.9426  0.9233  0.9046
R_N_OBS    0.7341  0.5277  0.3704  0.2528  0.1668
L_OBS      0.8072  0.6384  0.4942  0.3739  0.2754

MODEL SUMMARY

  Number of variables:         38
  Number of stochastic shocks: 8
  Number of state variables:   15
  Number of jumpers:           17
  Number of static variables:  13


MATRIX OF COVARIANCE OF EXOGENOUS SHOCKS
Variables       EPS_Z     EPS_B     EPS_L     EPS_I     EPS_G     EPS_R     EPS_P     EPS_W
EPS_Z        0.010000  0.000000  0.000000  0.000000  0.000000  0.000000  0.000000  0.000000
EPS_B        0.000000  0.010000  0.000000  0.000000  0.000000  0.000000  0.000000  0.000000
EPS_L        0.000000  0.000000  0.010000  0.000000  0.000000  0.000000  0.000000  0.000000
EPS_I        0.000000  0.000000  0.000000  0.010000  0.000000  0.000000  0.000000  0.000000
EPS_G        0.000000  0.000000  0.000000  0.000000  0.010000  0.000000  0.000000  0.000000
EPS_R        0.000000  0.000000  0.000000  0.000000  0.000000  0.010000  0.000000  0.000000
EPS_P        0.000000  0.000000  0.000000  0.000000  0.000000  0.000000  0.010000  0.000000
EPS_W        0.000000  0.000000  0.000000  0.000000  0.000000  0.000000  0.000000  0.010000

POLICY AND TRANSITION FUNCTIONS
                                   Y               C               I             R_K             R_N               W               L             PPI            MU_Z          DY_OBS          DC_OBS          DI_OBS          DW_OBS          PI_OBS         R_N_OBS           L_OBS
Constant                    1.498188        0.734920        0.238912       -3.425937        0.011088        0.724998               0        0.003597        0.004988        0.004988        0.004988        0.004988        0.004988        0.003597        0.011088        0.106251
K(-1)                       0.109327        0.392627       -0.259608       -0.850303        0.001533       -0.040349       -0.214654       -0.012141               0        0.109327        0.392627       -0.259608       -0.040349       -0.012141        0.001533       -0.214654
R_N(-1)                    -1.610072       -2.634542       -1.345755       -2.959288        0.760664       -0.625082       -2.543754       -0.010158               0       -1.610072       -2.634542       -1.345755       -0.625082       -0.010158        0.760664       -2.543754
Y(-1)                              0               0               0               0               0               0               0               0               0       -1.000000               0               0               0               0               0               0
Z_L(-1)                    -0.000660       -0.003640        0.003652        0.017647        0.000094        0.032717       -0.006688        0.000466               0       -0.000660       -0.003640        0.003652        0.032717        0.000466        0.000094       -0.006688
Z_G(-1)                     0.137910       -0.131092       -0.059687        0.080075        0.006218        0.011942        0.165163        0.001018               0        0.137910       -0.131092       -0.059687        0.011942        0.001018        0.006218        0.165163
Z_P(-1)                    -0.001657       -0.001976       -0.002595       -0.004350        0.000844       -0.003807       -0.001875        0.003492               0       -0.001657       -0.001976       -0.002595       -0.003807        0.003492        0.000844       -0.001875
Z_W(-1)                    -0.000042       -0.000239        0.000244        0.001798        0.000007        0.003473       -0.000713        0.000033               0       -0.000042       -0.000239        0.000244        0.003473        0.000033        0.000007       -0.000713
C(-1)                              0               0               0               0               0               0               0               0               0               0       -1.000000               0               0               0               0               0
I(-1)                       0.177791       -0.100589        0.791516        0.076531        0.007428        0.017045        0.201585       -0.000931               0        0.177791       -0.100589       -0.208484        0.017045       -0.000931        0.007428        0.201585
PPI(-1)                    -0.058687       -0.096758       -0.047855       -0.038731        0.027495        0.110909       -0.118543        0.114459               0       -0.058687       -0.096758       -0.047855        0.110909        0.114459        0.027495       -0.118543
W(-1)                      -0.004958       -0.026463        0.025990        0.397289        0.000805        0.809262       -0.169747        0.003885               0       -0.004958       -0.026463        0.025990       -0.190738        0.003885        0.000805       -0.169747
Z_Z(-1)                    -0.021928       -0.018446       -0.046960        0.038872       -0.000705       -0.069100        0.021261        0.000919        0.090399        0.068471        0.071953        0.043440        0.021299        0.000919       -0.000705        0.021261
Z_B(-1)                     0.100364        0.253655       -0.062969        0.084752        0.007979        0.039459        0.118482        0.013904               0        0.100364        0.253655       -0.062969        0.039459        0.013904        0.007979        0.118482
Z_I(-1)                     0.014370       -0.006414        0.061155        0.002618        0.000556        0.001361        0.014873       -0.000243               0        0.014370       -0.006414        0.061155        0.001361       -0.000243        0.000556        0.014873
EPS_Z                      -0.242572       -0.204049       -0.519469        0.430006       -0.007802       -0.764386        0.235185        0.010163        1.000000        0.757428        0.795951        0.480531        0.235614        0.010163       -0.007802        0.235185
EPS_B                       0.101935        0.257623       -0.063954        0.086078        0.008104        0.040077        0.120335        0.014122               0        0.101935        0.257623       -0.063954        0.040077        0.014122        0.008104        0.120335
EPS_L                      -0.000981       -0.005411        0.005429        0.026232        0.000139        0.048633       -0.009941        0.000693               0       -0.000981       -0.005411        0.005429        0.048633        0.000693        0.000139       -0.009941
EPS_I                       0.050763       -0.022657        0.216038        0.009250        0.001965        0.004809        0.052540       -0.000858               0        0.050763       -0.022657        0.216038        0.004809       -0.000858        0.001965        0.052540
EPS_G                       0.159647       -0.151755       -0.069095        0.092697        0.007199        0.013824        0.191196        0.001179               0        0.159647       -0.151755       -0.069095        0.013824        0.001179        0.007199        0.191196
EPS_R                      -1.933301       -3.163438       -1.615921       -3.553378        0.913371       -0.750571       -3.054424       -0.012197               0       -1.933301       -3.163438       -1.615921       -0.750571       -0.012197        0.913371       -3.054424
EPS_P                      -0.003568       -0.004253       -0.005585       -0.009364        0.001818       -0.008195       -0.004035        0.007516               0       -0.003568       -0.004253       -0.005585       -0.008195        0.007516        0.001818       -0.004035
EPS_W                      -0.000085       -0.000480        0.000491        0.003610        0.000014        0.006975       -0.001431        0.000066               0       -0.000085       -0.000480        0.000491        0.006975        0.000066        0.000014       -0.001431


THEORETICAL MOMENTS (Bandpass filter, (2 6))
VARIABLE         MEAN  STD. DEV.   VARIANCE
Y              1.4982     0.1081     0.0117
C              0.7349     0.1929     0.0372
I              0.2389     0.0843     0.0071
R_K           -3.4259     0.2005     0.0402
R_N            0.0111     0.0544     0.0030
W              0.7250     0.0558     0.0031
L              0.0000     0.1762     0.0311
PPI            0.0036     0.0012     0.0000
MU_Z           0.0050     0.0787     0.0062
DY_OBS         0.0050     0.1756     0.0308
DC_OBS         0.0050     0.3078     0.0947
DI_OBS         0.0050     0.1108     0.0123
DW_OBS         0.0050     0.0499     0.0025
PI_OBS         0.0036     0.0012     0.0000
R_N_OBS        0.0111     0.0544     0.0030
L_OBS          0.1063     0.1762     0.0311



VARIANCE DECOMPOSITION (in percent) (Bandpass filter, (2 6))
            EPS_Z   EPS_B   EPS_L   EPS_I   EPS_G   EPS_R   EPS_P   EPS_W
Y            1.82    0.32    0.00    0.07    0.80   96.99    0.00    0.00
C            0.27    0.53    0.00    0.00    0.18   99.01    0.00    0.00
I           19.78    0.09    0.00    2.07    0.12   77.95    0.00    0.00
R_K          0.94    0.06    0.00    0.00    0.08   98.91    0.00    0.00
R_N          0.01    0.00    0.00    0.00    0.00   99.99    0.00    0.00
W           63.09    0.10    0.17    0.00    0.02   36.61    0.00    0.00
L            0.38    0.18    0.00    0.03    0.44   98.96    0.00    0.00
PPI         17.44   34.92    0.09    0.13    0.25   30.83   16.34    0.00
MU_Z       100.00    0.00    0.00    0.00    0.00    0.00    0.00    0.00
DY_OBS      10.52    0.29    0.00    0.06    0.74   88.39    0.00    0.00
DC_OBS       4.57    0.51    0.00    0.00    0.17   94.75    0.00    0.00
DI_OBS       6.16    0.10    0.00    2.63    0.14   90.98    0.00    0.00
DW_OBS       7.00    0.25    0.43    0.01    0.04   92.24    0.01    0.01
PI_OBS      17.44   34.92    0.09    0.13    0.25   30.83   16.34    0.00
R_N_OBS      0.01    0.00    0.00    0.00    0.00   99.99    0.00    0.00
L_OBS        0.38    0.18    0.00    0.03    0.44   98.96    0.00    0.00



MATRIX OF CORRELATIONS (Bandpass filter, (2 6))
Variables          Y        C        I      R_K      R_N        W        L      PPI     MU_Z   DY_OBS   DC_OBS   DI_OBS   DW_OBS   PI_OBS  R_N_OBS    L_OBS
Y             1.0000   0.9783   0.7887   0.9706  -0.9780   0.5993   0.9789   0.5249  -0.1079   0.6911   0.6555   0.8845   0.9005   0.5249  -0.9780   0.9789
C             0.9783   1.0000   0.6859   0.9798  -0.9942   0.4842   0.9844   0.5613  -0.0238   0.7792   0.7569   0.9337   0.9454   0.5613  -0.9942   0.9844
I             0.7887   0.6859   1.0000   0.6856  -0.6846   0.8807   0.6840   0.2325  -0.3981   0.1566   0.1359   0.5082   0.5033   0.2325  -0.6846   0.6840
R_K           0.9706   0.9798   0.6856   1.0000  -0.9917   0.4133   0.9978   0.6043   0.0676   0.7629   0.7113   0.9555   0.9710   0.6043  -0.9917   0.9978
R_N          -0.9780  -0.9942  -0.6846  -0.9917   1.0000  -0.4542  -0.9934  -0.5452  -0.0022  -0.7805  -0.7468  -0.9506  -0.9590  -0.5452   1.0000  -0.9934
W             0.5993   0.4842   0.8807   0.4133  -0.4542   1.0000   0.4288  -0.0238  -0.6569  -0.0339   0.0038   0.2003   0.2058  -0.0238  -0.4542   0.4288
L             0.9789   0.9844   0.6840   0.9978  -0.9934   0.4288   1.0000   0.5999   0.0479   0.7752   0.7251   0.9518   0.9679   0.5999  -0.9934   1.0000
PPI           0.5249   0.5613   0.2325   0.6043  -0.5452  -0.0238   0.5999   1.0000   0.3070   0.5009   0.4374   0.5853   0.6520   1.0000  -0.5452   0.5999
MU_Z         -0.1079  -0.0238  -0.3981   0.0676  -0.0022  -0.6569   0.0479   0.3070   1.0000   0.3241   0.2129   0.2124   0.2243   0.3070  -0.0022   0.0479
DY_OBS        0.6911   0.7792   0.1566   0.7629  -0.7805  -0.0339   0.7752   0.5009   0.3241   1.0000   0.9793   0.8534   0.8553   0.5009  -0.7805   0.7752
DC_OBS        0.6555   0.7569   0.1359   0.7113  -0.7468   0.0038   0.7251   0.4374   0.2129   0.9793   1.0000   0.8005   0.7982   0.4374  -0.7468   0.7251
DI_OBS        0.8845   0.9337   0.5082   0.9555  -0.9506   0.2003   0.9518   0.5853   0.2124   0.8534   0.8005   1.0000   0.9804   0.5853  -0.9506   0.9518
DW_OBS        0.9005   0.9454   0.5033   0.9710  -0.9590   0.2058   0.9679   0.6520   0.2243   0.8553   0.7982   0.9804   1.0000   0.6520  -0.9590   0.9679
PI_OBS        0.5249   0.5613   0.2325   0.6043  -0.5452  -0.0238   0.5999   1.0000   0.3070   0.5009   0.4374   0.5853   0.6520   1.0000  -0.5452   0.5999
R_N_OBS      -0.9780  -0.9942  -0.6846  -0.9917   1.0000  -0.4542  -0.9934  -0.5452  -0.0022  -0.7805  -0.7468  -0.9506  -0.9590  -0.5452   1.0000  -0.9934
L_OBS         0.9789   0.9844   0.6840   0.9978  -0.9934   0.4288   1.0000   0.5999   0.0479   0.7752   0.7251   0.9518   0.9679   0.5999  -0.9934   1.0000



COEFFICIENTS OF AUTOCORRELATION (Bandpass filter, (2 6))
Order           1       2       3       4       5
Y         -0.2012 -0.4263 -0.1341  0.1663  0.2106
C         -0.2173 -0.4133 -0.1193  0.1642  0.1982
I         -0.0402 -0.5557 -0.2836  0.1865  0.3355
R_K       -0.2050 -0.4229 -0.1311  0.1655  0.2080
R_N       -0.2152 -0.4149 -0.1214  0.1644  0.1999
W         -0.1095 -0.5039 -0.2143  0.1809  0.2788
L         -0.2092 -0.4196 -0.1271  0.1650  0.2047
PPI       -0.1635 -0.4653 -0.1583  0.1782  0.2333
MU_Z      -0.3755 -0.2550 -0.0112  0.1188  0.0986
DY_OBS    -0.4057 -0.2159 -0.0038  0.1068  0.0871
DC_OBS    -0.4196 -0.2010  0.0042  0.1024  0.0792
DI_OBS    -0.2201 -0.4107 -0.1171  0.1635  0.1963
DW_OBS    -0.2152 -0.4149 -0.1212  0.1645  0.1998
PI_OBS    -0.1635 -0.4653 -0.1583  0.1782  0.2333
R_N_OBS   -0.2152 -0.4149 -0.1214  0.1644  0.1999
L_OBS     -0.2092 -0.4196 -0.1271  0.1650  0.2047

MODEL SUMMARY

  Number of variables:         38
  Number of stochastic shocks: 8
  Number of state variables:   15
  Number of jumpers:           17
  Number of static variables:  13


MATRIX OF COVARIANCE OF EXOGENOUS SHOCKS
Variables       EPS_Z     EPS_B     EPS_L     EPS_I     EPS_G     EPS_R     EPS_P     EPS_W
EPS_Z        0.010000  0.000000  0.000000  0.000000  0.000000  0.000000  0.000000  0.000000
EPS_B        0.000000  0.010000  0.000000  0.000000  0.000000  0.000000  0.000000  0.000000
EPS_L        0.000000  0.000000  0.010000  0.000000  0.000000  0.000000  0.000000  0.000000
EPS_I        0.000000  0.000000  0.000000  0.010000  0.000000  0.000000  0.000000  0.000000
EPS_G        0.000000  0.000000  0.000000  0.000000  0.010000  0.000000  0.000000  0.000000
EPS_R        0.000000  0.000000  0.000000  0.000000  0.000000  0.010000  0.000000  0.000000
EPS_P        0.000000  0.000000  0.000000  0.000000  0.000000  0.000000  0.010000  0.000000
EPS_W        0.000000  0.000000  0.000000  0.000000  0.000000  0.000000  0.000000  0.010000

POLICY AND TRANSITION FUNCTIONS
                                   Y               C               I             R_K             R_N               W               L             PPI            MU_Z          DY_OBS          DC_OBS          DI_OBS          DW_OBS          PI_OBS         R_N_OBS           L_OBS
Constant                    1.498188        0.734920        0.238912       -3.425937        0.011088        0.724998               0        0.003597        0.004988        0.004988        0.004988        0.004988        0.004988        0.003597        0.011088        0.106251
K(-1)                       0.109327        0.392627       -0.259608       -0.850303        0.001533       -0.040349       -0.214654       -0.012141               0        0.109327        0.392627       -0.259608       -0.040349       -0.012141        0.001533       -0.214654
R_N(-1)                    -1.610072       -2.634542       -1.345755       -2.959288        0.760664       -0.625082       -2.543754       -0.010158               0       -1.610072       -2.634542       -1.345755       -0.625082       -0.010158        0.760664       -2.543754
Y(-1)                              0               0               0               0               0               0               0               0               0       -1.000000               0               0               0               0               0               0
Z_L(-1)                    -0.000660       -0.003640        0.003652        0.017647        0.000094        0.032717       -0.006688        0.000466               0       -0.000660       -0.003640        0.003652        0.032717        0.000466        0.000094       -0.006688
Z_G(-1)                     0.137910       -0.131092       -0.059687        0.080075        0.006218        0.011942        0.165163        0.001018               0        0.137910       -0.131092       -0.059687        0.011942        0.001018        0.006218        0.165163
Z_P(-1)                    -0.001657       -0.001976       -0.002595       -0.004350        0.000844       -0.003807       -0.001875        0.003492               0       -0.001657       -0.001976       -0.002595       -0.003807        0.003492        0.000844       -0.001875
Z_W(-1)                    -0.000042       -0.000239        0.000244        0.001798        0.000007        0.003473       -0.000713        0.000033               0       -0.000042       -0.000239        0.000244        0.003473        0.000033        0.000007       -0.000713
C(-1)                              0               0               0               0               0               0               0               0               0               0       -1.000000               0               0               0               0               0
I(-1)                       0.177791       -0.100589        0.791516        0.076531        0.007428        0.017045        0.201585       -0.000931               0        0.177791       -0.100589       -0.208484        0.017045       -0.000931        0.007428        0.201585
PPI(-1)                    -0.058687       -0.096758       -0.047855       -0.038731        0.027495        0.110909       -0.118543        0.114459               0       -0.058687       -0.096758       -0.047855        0.110909        0.114459        0.027495       -0.118543
W(-1)                      -0.004958       -0.026463        0.025990        0.397289        0.000805        0.809262       -0.169747        0.003885               0       -0.004958       -0.026463        0.025990       -0.190738        0.003885        0.000805       -0.169747
Z_Z(-1)                    -0.021928       -0.018446       -0.046960        0.038872       -0.000705       -0.069100        0.021261        0.000919        0.090399        0.068471        0.071953        0.043440        0.021299        0.000919       -0.000705        0.021261
Z_B(-1)                     0.100364        0.253655       -0.062969        0.084752        0.007979        0.039459        0.118482        0.013904               0        0.100364        0.253655       -0.062969        0.039459        0.013904        0.007979        0.118482
Z_I(-1)                     0.014370       -0.006414        0.061155        0.002618        0.000556        0.001361        0.014873       -0.000243               0        0.014370       -0.006414        0.061155        0.001361       -0.000243        0.000556        0.014873
EPS_Z                      -0.242572       -0.204049       -0.519469        0.430006       -0.007802       -0.764386        0.235185        0.010163        1.000000        0.757428        0.795951        0.480531        0.235614        0.010163       -0.007802        0.235185
EPS_B                       0.101935        0.257623       -0.063954        0.086078        0.008104        0.040077        0.120335        0.014122               0        0.101935        0.257623       -0.063954        0.040077        0.014122        0.008104        0.120335
EPS_L                      -0.000981       -0.005411        0.005429        0.026232        0.000139        0.048633       -0.009941        0.000693               0       -0.000981       -0.005411        0.005429        0.048633        0.000693        0.000139       -0.009941
EPS_I                       0.050763       -0.022657        0.216038        0.009250        0.001965        0.004809        0.052540       -0.000858               0        0.050763       -0.022657        0.216038        0.004809       -0.000858        0.001965        0.052540
EPS_G                       0.159647       -0.151755       -0.069095        0.092697        0.007199        0.013824        0.191196        0.001179               0        0.159647       -0.151755       -0.069095        0.013824        0.001179        0.007199        0.191196
EPS_R                      -1.933301       -3.163438       -1.615921       -3.553378        0.913371       -0.750571       -3.054424       -0.012197               0       -1.933301       -3.163438       -1.615921       -0.750571       -0.012197        0.913371       -3.054424
EPS_P                      -0.003568       -0.004253       -0.005585       -0.009364        0.001818       -0.008195       -0.004035        0.007516               0       -0.003568       -0.004253       -0.005585       -0.008195        0.007516        0.001818       -0.004035
EPS_W                      -0.000085       -0.000480        0.000491        0.003610        0.000014        0.006975       -0.001431        0.000066               0       -0.000085       -0.000480        0.000491        0.006975        0.000066        0.000014       -0.001431


THEORETICAL MOMENTS (Bandpass filter, (6 32))
VARIABLE         MEAN  STD. DEV.   VARIANCE
Y              1.4982     0.2518     0.0634
C              0.7349     0.3233     0.1045
I              0.2389     0.4863     0.2365
R_K           -3.4259     0.4587     0.2104
R_N            0.0111     0.0975     0.0095
W              0.7250     0.2480     0.0615
L              0.0000     0.3645     0.1329
PPI            0.0036     0.0031     0.0000
MU_Z           0.0050     0.0562     0.0032
DY_OBS         0.0050     0.1208     0.0146
DC_OBS         0.0050     0.1736     0.0301
DI_OBS         0.0050     0.1821     0.0332
DW_OBS         0.0050     0.0866     0.0075
PI_OBS         0.0036     0.0031     0.0000
R_N_OBS        0.0111     0.0975     0.0095
L_OBS          0.1063     0.3645     0.1329



VARIANCE DECOMPOSITION (in percent) (Bandpass filter, (6 32))
            EPS_Z   EPS_B   EPS_L   EPS_I   EPS_G   EPS_R   EPS_P   EPS_W
Y            1.54    0.21    0.00    0.09    0.44   97.72    0.00    0.00
C            1.82    0.77    0.00    0.02    0.35   97.03    0.00    0.00
I            6.34    0.39    0.00    0.46    0.35   92.46    0.00    0.00
R_K          3.90    0.02    0.02    0.03    0.03   96.00    0.00    0.00
R_N          0.12    0.06    0.00    0.01    0.04   99.77    0.00    0.00
W           15.44    0.18    0.22    0.01    0.02   84.12    0.00    0.00
L            1.57    0.13    0.00    0.04    0.25   97.99    0.00    0.00
PPI         24.08   35.95    0.10    0.16    0.22   35.19    4.30    0.00
MU_Z       100.00    0.00    0.00    0.00    0.00    0.00    0.00    0.00
DY_OBS      13.87    0.22    0.00    0.09    0.51   85.31    0.00    0.00
DC_OBS       5.90    0.57    0.00    0.01    0.25   93.27    0.00    0.00
DI_OBS      10.02    0.25    0.00    0.71    0.25   88.76    0.00    0.00
DW_OBS      11.06    0.20    0.28    0.01    0.03   88.41    0.01    0.00
PI_OBS      24.08   35.95    0.10    0.16    0.22   35.19    4.30    0.00
R_N_OBS      0.12    0.06    0.00    0.01    0.04   99.77    0.00    0.00
L_OBS        1.57    0.13    0.00    0.04    0.25   97.99    0.00    0.00



MATRIX OF CORRELATIONS (Bandpass filter, (6 32))
Variables          Y        C        I      R_K      R_N        W        L      PPI     MU_Z   DY_OBS   DC_OBS   DI_OBS   DW_OBS   PI_OBS  R_N_OBS    L_OBS
Y             1.0000   0.8765   0.8549   0.9615  -0.9210   0.7847   0.9613   0.5632  -0.0965   0.1657  -0.0972   0.5560   0.6354   0.5632  -0.9210   0.9613
C             0.8765   1.0000   0.5194   0.8726  -0.9762   0.4479   0.9228   0.5351   0.0167   0.5289   0.2602   0.8259   0.8577   0.5351  -0.9762   0.9228
I             0.8549   0.5194   1.0000   0.7986  -0.6179   0.9401   0.7368   0.4342  -0.1943  -0.2744  -0.4580   0.1217   0.2224   0.4342  -0.6179   0.7368
R_K           0.9615   0.8726   0.7986   1.0000  -0.9461   0.6510   0.9904   0.6770  -0.0209   0.2711  -0.0294   0.6822   0.7575   0.6770  -0.9461   0.9904
R_N          -0.9210  -0.9762  -0.6179  -0.9461   1.0000  -0.4972  -0.9772  -0.5709  -0.0115  -0.4789  -0.1825  -0.8291  -0.8713  -0.5709   1.0000  -0.9772
W             0.7847   0.4479   0.9401   0.6510  -0.4972   1.0000   0.5976   0.2832  -0.2719  -0.3838  -0.4870  -0.0619   0.0287   0.2832  -0.4972   0.5976
L             0.9613   0.9228   0.7368   0.9904  -0.9772   0.5976   1.0000   0.6528  -0.0032   0.3554   0.0506   0.7444   0.8125   0.6528  -0.9772   1.0000
PPI           0.5632   0.5351   0.4342   0.6770  -0.5709   0.2832   0.6528   1.0000   0.0779   0.2227  -0.0016   0.5022   0.5996   1.0000  -0.5709   0.6528
MU_Z         -0.0965   0.0167  -0.1943  -0.0209  -0.0115  -0.2719  -0.0032   0.0779   1.0000   0.3637   0.2401   0.2023   0.1902   0.0779  -0.0115  -0.0032
DY_OBS        0.1657   0.5289  -0.2744   0.2711  -0.4789  -0.3838   0.3554   0.2227   0.3637   1.0000   0.9121   0.7929   0.7413   0.2227  -0.4789   0.3554
DC_OBS       -0.0972   0.2602  -0.4580  -0.0294  -0.1825  -0.4870   0.0506  -0.0016   0.2401   0.9121   1.0000   0.5138   0.4430  -0.0016  -0.1825   0.0506
DI_OBS        0.5560   0.8259   0.1217   0.6822  -0.8291  -0.0619   0.7444   0.5022   0.2023   0.7929   0.5138   1.0000   0.9834   0.5022  -0.8291   0.7444
DW_OBS        0.6354   0.8577   0.2224   0.7575  -0.8713   0.0287   0.8125   0.5996   0.1902   0.7413   0.4430   0.9834   1.0000   0.5996  -0.8713   0.8125
PI_OBS        0.5632   0.5351   0.4342   0.6770  -0.5709   0.2832   0.6528   1.0000   0.0779   0.2227  -0.0016   0.5022   0.5996   1.0000  -0.5709   0.6528
R_N_OBS      -0.9210  -0.9762  -0.6179  -0.9461   1.0000  -0.4972  -0.9772  -0.5709  -0.0115  -0.4789  -0.1825  -0.8291  -0.8713  -0.5709   1.0000  -0.9772
L_OBS         0.9613   0.9228   0.7368   0.9904  -0.9772   0.5976   1.0000   0.6528  -0.0032   0.3554   0.0506   0.7444   0.8125   0.6528  -0.9772   1.0000



COEFFICIENTS OF AUTOCORRELATION (Bandpass filter, (6 32))
Order           1       2       3       4       5
Y          0.8990  0.6379  0.3174  0.0385 -0.1479
C          0.8632  0.5192  0.1247 -0.1702 -0.3036
I          0.9319  0.7475  0.4960  0.2334 -0.0002
R_K        0.8984  0.6363  0.3153  0.0371 -0.1473
R_N        0.8724  0.5496  0.1738 -0.1178 -0.2656
W          0.9283  0.7358  0.4780  0.2157 -0.0101
L          0.8885  0.6030  0.2605 -0.0238 -0.1955
PPI        0.9046  0.6574  0.3520  0.0825 -0.1036
MU_Z       0.7935  0.2997 -0.1946 -0.4418 -0.3909
DY_OBS     0.7962  0.3076 -0.1848 -0.4377 -0.3984
DC_OBS     0.7581  0.1876 -0.3597 -0.5876 -0.4490
DI_OBS     0.8608  0.5110  0.1111 -0.1857 -0.3163
DW_OBS     0.8670  0.5316  0.1439 -0.1514 -0.2928
PI_OBS     0.9046  0.6574  0.3520  0.0825 -0.1036
R_N_OBS    0.8724  0.5496  0.1738 -0.1178 -0.2656
L_OBS      0.8885  0.6030  0.2605 -0.0238 -0.1955

MODEL SUMMARY

  Number of variables:         38
  Number of stochastic shocks: 8
  Number of state variables:   15
  Number of jumpers:           17
  Number of static variables:  13


MATRIX OF COVARIANCE OF EXOGENOUS SHOCKS
Variables       EPS_Z     EPS_B     EPS_L     EPS_I     EPS_G     EPS_R     EPS_P     EPS_W
EPS_Z        0.010000  0.000000  0.000000  0.000000  0.000000  0.000000  0.000000  0.000000
EPS_B        0.000000  0.010000  0.000000  0.000000  0.000000  0.000000  0.000000  0.000000
EPS_L        0.000000  0.000000  0.010000  0.000000  0.000000  0.000000  0.000000  0.000000
EPS_I        0.000000  0.000000  0.000000  0.010000  0.000000  0.000000  0.000000  0.000000
EPS_G        0.000000  0.000000  0.000000  0.000000  0.010000  0.000000  0.000000  0.000000
EPS_R        0.000000  0.000000  0.000000  0.000000  0.000000  0.010000  0.000000  0.000000
EPS_P        0.000000  0.000000  0.000000  0.000000  0.000000  0.000000  0.010000  0.000000
EPS_W        0.000000  0.000000  0.000000  0.000000  0.000000  0.000000  0.000000  0.010000

POLICY AND TRANSITION FUNCTIONS
                                   Y               C               I             R_K             R_N               W               L             PPI            MU_Z          DY_OBS          DC_OBS          DI_OBS          DW_OBS          PI_OBS         R_N_OBS           L_OBS
Constant                    1.498188        0.734920        0.238912       -3.425937        0.011088        0.724998               0        0.003597        0.004988        0.004988        0.004988        0.004988        0.004988        0.003597        0.011088        0.106251
K(-1)                       0.109327        0.392627       -0.259608       -0.850303        0.001533       -0.040349       -0.214654       -0.012141               0        0.109327        0.392627       -0.259608       -0.040349       -0.012141        0.001533       -0.214654
R_N(-1)                    -1.610072       -2.634542       -1.345755       -2.959288        0.760664       -0.625082       -2.543754       -0.010158               0       -1.610072       -2.634542       -1.345755       -0.625082       -0.010158        0.760664       -2.543754
Y(-1)                              0               0               0               0               0               0               0               0               0       -1.000000               0               0               0               0               0               0
Z_L(-1)                    -0.000660       -0.003640        0.003652        0.017647        0.000094        0.032717       -0.006688        0.000466               0       -0.000660       -0.003640        0.003652        0.032717        0.000466        0.000094       -0.006688
Z_G(-1)                     0.137910       -0.131092       -0.059687        0.080075        0.006218        0.011942        0.165163        0.001018               0        0.137910       -0.131092       -0.059687        0.011942        0.001018        0.006218        0.165163
Z_P(-1)                    -0.001657       -0.001976       -0.002595       -0.004350        0.000844       -0.003807       -0.001875        0.003492               0       -0.001657       -0.001976       -0.002595       -0.003807        0.003492        0.000844       -0.001875
Z_W(-1)                    -0.000042       -0.000239        0.000244        0.001798        0.000007        0.003473       -0.000713        0.000033               0       -0.000042       -0.000239        0.000244        0.003473        0.000033        0.000007       -0.000713
C(-1)                              0               0               0               0               0               0               0               0               0               0       -1.000000               0               0               0               0               0
I(-1)                       0.177791       -0.100589        0.791516        0.076531        0.007428        0.017045        0.201585       -0.000931               0        0.177791       -0.100589       -0.208484        0.017045       -0.000931        0.007428        0.201585
PPI(-1)                    -0.058687       -0.096758       -0.047855       -0.038731        0.027495        0.110909       -0.118543        0.114459               0       -0.058687       -0.096758       -0.047855        0.110909        0.114459        0.027495       -0.118543
W(-1)                      -0.004958       -0.026463        0.025990        0.397289        0.000805        0.809262       -0.169747        0.003885               0       -0.004958       -0.026463        0.025990       -0.190738        0.003885        0.000805       -0.169747
Z_Z(-1)                    -0.021928       -0.018446       -0.046960        0.038872       -0.000705       -0.069100        0.021261        0.000919        0.090399        0.068471        0.071953        0.043440        0.021299        0.000919       -0.000705        0.021261
Z_B(-1)                     0.100364        0.253655       -0.062969        0.084752        0.007979        0.039459        0.118482        0.013904               0        0.100364        0.253655       -0.062969        0.039459        0.013904        0.007979        0.118482
Z_I(-1)                     0.014370       -0.006414        0.061155        0.002618        0.000556        0.001361        0.014873       -0.000243               0        0.014370       -0.006414        0.061155        0.001361       -0.000243        0.000556        0.014873
EPS_Z                      -0.242572       -0.204049       -0.519469        0.430006       -0.007802       -0.764386        0.235185        0.010163        1.000000        0.757428        0.795951        0.480531        0.235614        0.010163       -0.007802        0.235185
EPS_B                       0.101935        0.257623       -0.063954        0.086078        0.008104        0.040077        0.120335        0.014122               0        0.101935        0.257623       -0.063954        0.040077        0.014122        0.008104        0.120335
EPS_L                      -0.000981       -0.005411        0.005429        0.026232        0.000139        0.048633       -0.009941        0.000693               0       -0.000981       -0.005411        0.005429        0.048633        0.000693        0.000139       -0.009941
EPS_I                       0.050763       -0.022657        0.216038        0.009250        0.001965        0.004809        0.052540       -0.000858               0        0.050763       -0.022657        0.216038        0.004809       -0.000858        0.001965        0.052540
EPS_G                       0.159647       -0.151755       -0.069095        0.092697        0.007199        0.013824        0.191196        0.001179               0        0.159647       -0.151755       -0.069095        0.013824        0.001179        0.007199        0.191196
EPS_R                      -1.933301       -3.163438       -1.615921       -3.553378        0.913371       -0.750571       -3.054424       -0.012197               0       -1.933301       -3.163438       -1.615921       -0.750571       -0.012197        0.913371       -3.054424
EPS_P                      -0.003568       -0.004253       -0.005585       -0.009364        0.001818       -0.008195       -0.004035        0.007516               0       -0.003568       -0.004253       -0.005585       -0.008195        0.007516        0.001818       -0.004035
EPS_W                      -0.000085       -0.000480        0.000491        0.003610        0.000014        0.006975       -0.001431        0.000066               0       -0.000085       -0.000480        0.000491        0.006975        0.000066        0.000014       -0.001431


THEORETICAL MOMENTS (Bandpass filter, (8 32))
VARIABLE         MEAN  STD. DEV.   VARIANCE
Y              1.4982     0.2418     0.0585
C              0.7349     0.3009     0.0905
I              0.2389     0.4797     0.2301
R_K           -3.4259     0.4401     0.1937
R_N            0.0111     0.0915     0.0084
W              0.7250     0.2438     0.0594
L              0.0000     0.3470     0.1204
PPI            0.0036     0.0030     0.0000
MU_Z           0.0050     0.0472     0.0022
DY_OBS         0.0050     0.1020     0.0104
DC_OBS         0.0050     0.1373     0.0188
DI_OBS         0.0050     0.1692     0.0286
DW_OBS         0.0050     0.0810     0.0066
PI_OBS         0.0036     0.0030     0.0000
R_N_OBS        0.0111     0.0915     0.0084
L_OBS          0.1063     0.3470     0.1204



VARIANCE DECOMPOSITION (in percent) (Bandpass filter, (8 32))
            EPS_Z   EPS_B   EPS_L   EPS_I   EPS_G   EPS_R   EPS_P   EPS_W
Y            1.49    0.21    0.00    0.09    0.41   97.80    0.00    0.00
C            2.03    0.81    0.00    0.02    0.38   96.77    0.00    0.00
I            6.21    0.39    0.00    0.44    0.35   92.60    0.00    0.00
R_K          4.14    0.02    0.02    0.03    0.02   95.77    0.00    0.00
R_N          0.13    0.07    0.00    0.01    0.04   99.74    0.00    0.00
W           14.47    0.18    0.22    0.01    0.02   85.09    0.00    0.00
L            1.69    0.13    0.00    0.04    0.24   97.89    0.00    0.00
PPI         24.52   35.96    0.10    0.17    0.22   35.34    3.69    0.00
MU_Z       100.00    0.00    0.00    0.00    0.00    0.00    0.00    0.00
DY_OBS      14.80    0.21    0.00    0.08    0.45   84.46    0.00    0.00
DC_OBS       6.46    0.61    0.00    0.01    0.28   92.64    0.00    0.00
DI_OBS      10.55    0.27    0.00    0.58    0.27   88.32    0.00    0.00
DW_OBS      11.60    0.20    0.26    0.01    0.03   87.90    0.01    0.00
PI_OBS      24.52   35.96    0.10    0.17    0.22   35.34    3.69    0.00
R_N_OBS      0.13    0.07    0.00    0.01    0.04   99.74    0.00    0.00
L_OBS        1.69    0.13    0.00    0.04    0.24   97.89    0.00    0.00



MATRIX OF CORRELATIONS (Bandpass filter, (8 32))
Variables          Y        C        I      R_K      R_N        W        L      PPI     MU_Z   DY_OBS   DC_OBS   DI_OBS   DW_OBS   PI_OBS  R_N_OBS    L_OBS
Y             1.0000   0.8717   0.8664   0.9611  -0.9192   0.7970   0.9606   0.5650  -0.1007   0.1364  -0.1668   0.5284   0.6143   0.5650  -0.9192   0.9606
C             0.8717   1.0000   0.5302   0.8665  -0.9743   0.4580   0.9185   0.5352   0.0238   0.5243   0.2239   0.8108   0.8464   0.5352  -0.9743   0.9185
I             0.8664   0.5302   1.0000   0.8118  -0.6325   0.9414   0.7512   0.4436  -0.2033  -0.2960  -0.5235   0.1121   0.2191   0.4436  -0.6325   0.7512
R_K           0.9611   0.8665   0.8118   1.0000  -0.9446   0.6653   0.9903   0.6809  -0.0282   0.2499  -0.0927   0.6590   0.7404   0.6809  -0.9446   0.9903
R_N          -0.9192  -0.9743  -0.6325  -0.9446   1.0000  -0.5102  -0.9766  -0.5739  -0.0149  -0.4712  -0.1372  -0.8133  -0.8604  -0.5739   1.0000  -0.9766
W             0.7970   0.4580   0.9414   0.6653  -0.5102   1.0000   0.6120   0.2954  -0.2777  -0.4176  -0.5588  -0.0754   0.0216   0.2954  -0.5102   0.6120
L             0.9606   0.9185   0.7512   0.9903  -0.9766   0.6120   1.0000   0.6562  -0.0064   0.3392  -0.0062   0.7239   0.7978   0.6562  -0.9766   1.0000
PPI           0.5650   0.5352   0.4436   0.6809  -0.5739   0.2954   0.6562   1.0000   0.0676   0.2213  -0.0315   0.4966   0.5968   1.0000  -0.5739   0.6562
MU_Z         -0.1007   0.0238  -0.2033  -0.0282  -0.0149  -0.2777  -0.0064   0.0676   1.0000   0.3746   0.2506   0.2161   0.2013   0.0676  -0.0149  -0.0064
DY_OBS        0.1364   0.5243  -0.2960   0.2499  -0.4712  -0.4176   0.3392   0.2213   0.3746   1.0000   0.8977   0.8220   0.7666   0.2213  -0.4712   0.3392
DC_OBS       -0.1668   0.2239  -0.5235  -0.0927  -0.1372  -0.5588  -0.0062  -0.0315   0.2506   0.8977   1.0000   0.5250   0.4448  -0.0315  -0.1372  -0.0062
DI_OBS        0.5284   0.8108   0.1121   0.6590  -0.8133  -0.0754   0.7239   0.4966   0.2161   0.8220   0.5250   1.0000   0.9833   0.4966  -0.8133   0.7239
DW_OBS        0.6143   0.8464   0.2191   0.7404  -0.8604   0.0216   0.7978   0.5968   0.2013   0.7666   0.4448   0.9833   1.0000   0.5968  -0.8604   0.7978
PI_OBS        0.5650   0.5352   0.4436   0.6809  -0.5739   0.2954   0.6562   1.0000   0.0676   0.2213  -0.0315   0.4966   0.5968   1.0000  -0.5739   0.6562
R_N_OBS      -0.9192  -0.9743  -0.6325  -0.9446   1.0000  -0.5102  -0.9766  -0.5739  -0.0149  -0.4712  -0.1372  -0.8133  -0.8604  -0.5739   1.0000  -0.9766
L_OBS         0.9606   0.9185   0.7512   0.9903  -0.9766   0.6120   1.0000   0.6562  -0.0064   0.3392  -0.0062   0.7239   0.7978   0.6562  -0.9766   1.0000



COEFFICIENTS OF AUTOCORRELATION (Bandpass filter, (8 32))
Order           1       2       3       4       5
Y          0.9228  0.7114  0.4190  0.1134 -0.1454
C          0.9016  0.6361  0.2813 -0.0660 -0.3246
I          0.9405  0.7742  0.5340  0.2638  0.0058
R_K        0.9227  0.7111  0.4187  0.1133 -0.1448
R_N        0.9072  0.6559  0.3174 -0.0193 -0.2786
W          0.9391  0.7692  0.5253  0.2532 -0.0033
L          0.9167  0.6898  0.3794  0.0615 -0.1978
PPI        0.9271  0.7270  0.4488  0.1554 -0.0978
MU_Z       0.8717  0.5328  0.1014 -0.2805 -0.5041
DY_OBS     0.8723  0.5343  0.1030 -0.2813 -0.5098
DC_OBS     0.8495  0.4555 -0.0348 -0.4468 -0.6508
DI_OBS     0.9000  0.6302  0.2704 -0.0807 -0.3401
DW_OBS     0.9036  0.6431  0.2938 -0.0506 -0.3108
PI_OBS     0.9271  0.7270  0.4488  0.1554 -0.0978
R_N_OBS    0.9072  0.6559  0.3174 -0.0193 -0.2786
L_OBS      0.9167  0.6898  0.3794  0.0615 -0.1978

MODEL SUMMARY

  Number of variables:         38
  Number of stochastic shocks: 8
  Number of state variables:   15
  Number of jumpers:           17
  Number of static variables:  13


MATRIX OF COVARIANCE OF EXOGENOUS SHOCKS
Variables       EPS_Z     EPS_B     EPS_L     EPS_I     EPS_G     EPS_R     EPS_P     EPS_W
EPS_Z        0.010000  0.000000  0.000000  0.000000  0.000000  0.000000  0.000000  0.000000
EPS_B        0.000000  0.010000  0.000000  0.000000  0.000000  0.000000  0.000000  0.000000
EPS_L        0.000000  0.000000  0.010000  0.000000  0.000000  0.000000  0.000000  0.000000
EPS_I        0.000000  0.000000  0.000000  0.010000  0.000000  0.000000  0.000000  0.000000
EPS_G        0.000000  0.000000  0.000000  0.000000  0.010000  0.000000  0.000000  0.000000
EPS_R        0.000000  0.000000  0.000000  0.000000  0.000000  0.010000  0.000000  0.000000
EPS_P        0.000000  0.000000  0.000000  0.000000  0.000000  0.000000  0.010000  0.000000
EPS_W        0.000000  0.000000  0.000000  0.000000  0.000000  0.000000  0.000000  0.010000

POLICY AND TRANSITION FUNCTIONS
                                   Y               C               I             R_K             R_N               W               L             PPI            MU_Z          DY_OBS          DC_OBS          DI_OBS          DW_OBS          PI_OBS         R_N_OBS           L_OBS
Constant                    1.498188        0.734920        0.238912       -3.425937        0.011088        0.724998               0        0.003597        0.004988        0.004988        0.004988        0.004988        0.004988        0.003597        0.011088        0.106251
K(-1)                       0.109327        0.392627       -0.259608       -0.850303        0.001533       -0.040349       -0.214654       -0.012141               0        0.109327        0.392627       -0.259608       -0.040349       -0.012141        0.001533       -0.214654
R_N(-1)                    -1.610072       -2.634542       -1.345755       -2.959288        0.760664       -0.625082       -2.543754       -0.010158               0       -1.610072       -2.634542       -1.345755       -0.625082       -0.010158        0.760664       -2.543754
Y(-1)                              0               0               0               0               0               0               0               0               0       -1.000000               0               0               0               0               0               0
Z_L(-1)                    -0.000660       -0.003640        0.003652        0.017647        0.000094        0.032717       -0.006688        0.000466               0       -0.000660       -0.003640        0.003652        0.032717        0.000466        0.000094       -0.006688
Z_G(-1)                     0.137910       -0.131092       -0.059687        0.080075        0.006218        0.011942        0.165163        0.001018               0        0.137910       -0.131092       -0.059687        0.011942        0.001018        0.006218        0.165163
Z_P(-1)                    -0.001657       -0.001976       -0.002595       -0.004350        0.000844       -0.003807       -0.001875        0.003492               0       -0.001657       -0.001976       -0.002595       -0.003807        0.003492        0.000844       -0.001875
Z_W(-1)                    -0.000042       -0.000239        0.000244        0.001798        0.000007        0.003473       -0.000713        0.000033               0       -0.000042       -0.000239        0.000244        0.003473        0.000033        0.000007       -0.000713
C(-1)                              0               0               0               0               0               0               0               0               0               0       -1.000000               0               0               0               0               0
I(-1)                       0.177791       -0.100589        0.791516        0.076531        0.007428        0.017045        0.201585       -0.000931               0        0.177791       -0.100589       -0.208484        0.017045       -0.000931        0.007428        0.201585
PPI(-1)                    -0.058687       -0.096758       -0.047855       -0.038731        0.027495        0.110909       -0.118543        0.114459               0       -0.058687       -0.096758       -0.047855        0.110909        0.114459        0.027495       -0.118543
W(-1)                      -0.004958       -0.026463        0.025990        0.397289        0.000805        0.809262       -0.169747        0.003885               0       -0.004958       -0.026463        0.025990       -0.190738        0.003885        0.000805       -0.169747
Z_Z(-1)                    -0.021928       -0.018446       -0.046960        0.038872       -0.000705       -0.069100        0.021261        0.000919        0.090399        0.068471        0.071953        0.043440        0.021299        0.000919       -0.000705        0.021261
Z_B(-1)                     0.100364        0.253655       -0.062969        0.084752        0.007979        0.039459        0.118482        0.013904               0        0.100364        0.253655       -0.062969        0.039459        0.013904        0.007979        0.118482
Z_I(-1)                     0.014370       -0.006414        0.061155        0.002618        0.000556        0.001361        0.014873       -0.000243               0        0.014370       -0.006414        0.061155        0.001361       -0.000243        0.000556        0.014873
EPS_Z                      -0.242572       -0.204049       -0.519469        0.430006       -0.007802       -0.764386        0.235185        0.010163        1.000000        0.757428        0.795951        0.480531        0.235614        0.010163       -0.007802        0.235185
EPS_B                       0.101935        0.257623       -0.063954        0.086078        0.008104        0.040077        0.120335        0.014122               0        0.101935        0.257623       -0.063954        0.040077        0.014122        0.008104        0.120335
EPS_L                      -0.000981       -0.005411        0.005429        0.026232        0.000139        0.048633       -0.009941        0.000693               0       -0.000981       -0.005411        0.005429        0.048633        0.000693        0.000139       -0.009941
EPS_I                       0.050763       -0.022657        0.216038        0.009250        0.001965        0.004809        0.052540       -0.000858               0        0.050763       -0.022657        0.216038        0.004809       -0.000858        0.001965        0.052540
EPS_G                       0.159647       -0.151755       -0.069095        0.092697        0.007199        0.013824        0.191196        0.001179               0        0.159647       -0.151755       -0.069095        0.013824        0.001179        0.007199        0.191196
EPS_R                      -1.933301       -3.163438       -1.615921       -3.553378        0.913371       -0.750571       -3.054424       -0.012197               0       -1.933301       -3.163438       -1.615921       -0.750571       -0.012197        0.913371       -3.054424
EPS_P                      -0.003568       -0.004253       -0.005585       -0.009364        0.001818       -0.008195       -0.004035        0.007516               0       -0.003568       -0.004253       -0.005585       -0.008195        0.007516        0.001818       -0.004035
EPS_W                      -0.000085       -0.000480        0.000491        0.003610        0.000014        0.006975       -0.001431        0.000066               0       -0.000085       -0.000480        0.000491        0.006975        0.000066        0.000014       -0.001431


THEORETICAL MOMENTS (Bandpass filter, (32 9999))
VARIABLE         MEAN  STD. DEV.   VARIANCE
Y              1.4982     0.2702     0.0730
C              0.7349     0.3168     0.1004
I              0.2389     0.6916     0.4783
R_K           -3.4259     0.5444     0.2964
R_N            0.0111     0.0759     0.0058
W              0.7250     0.3512     0.1234
L              0.0000     0.3374     0.1138
PPI            0.0036     0.0107     0.0001
MU_Z           0.0050     0.0275     0.0008
DY_OBS         0.0050     0.0416     0.0017
DC_OBS         0.0050     0.0306     0.0009
DI_OBS         0.0050     0.0870     0.0076
DW_OBS         0.0050     0.0474     0.0022
PI_OBS         0.0036     0.0107     0.0001
R_N_OBS        0.0111     0.0759     0.0058
L_OBS          0.1063     0.3374     0.1138



VARIANCE DECOMPOSITION (in percent) (Bandpass filter, (32 9999))
            EPS_Z   EPS_B   EPS_L   EPS_I   EPS_G   EPS_R   EPS_P   EPS_W
Y            0.55    0.11    0.00    0.04    0.16   99.14    0.00    0.00
C           35.51    5.31    0.00    0.10    1.15   57.93    0.00    0.00
I           24.65    3.16    0.00    0.16    0.59   71.44    0.00    0.00
R_K         31.78    6.18    0.03    0.16    0.24   61.61    0.00    0.00
R_N          1.38    3.31    0.00    0.02    0.15   95.15    0.00    0.00
W            5.42    4.67    0.23    0.02    0.02   89.64    0.01    0.00
L           13.88    0.52    0.01    0.04    0.24   85.31    0.00    0.00
PPI         17.79   77.71    0.01    0.10    0.26    4.00    0.13    0.00
MU_Z       100.00    0.00    0.00    0.00    0.00    0.00    0.00    0.00
DY_OBS      46.08    0.07    0.00    0.03    0.10   53.71    0.00    0.00
DC_OBS      31.30    3.22    0.00    0.07    0.74   64.68    0.00    0.00
DI_OBS      33.53    1.07    0.00    0.16    0.47   64.77    0.00    0.00
DW_OBS      39.02    0.34    0.14    0.01    0.00   60.48    0.00    0.00
PI_OBS      17.79   77.71    0.01    0.10    0.26    4.00    0.13    0.00
R_N_OBS      1.38    3.31    0.00    0.02    0.15   95.15    0.00    0.00
L_OBS       13.88    0.52    0.01    0.04    0.24   85.31    0.00    0.00



MATRIX OF CORRELATIONS (Bandpass filter, (32 9999))
Variables          Y        C        I      R_K      R_N        W        L      PPI     MU_Z   DY_OBS   DC_OBS   DI_OBS   DW_OBS   PI_OBS  R_N_OBS    L_OBS
Y             1.0000   0.7001   0.8427   0.7539  -0.9437   0.9303   0.9000   0.0908  -0.0522   0.0073  -0.0688   0.0634   0.1961   0.0908  -0.9437   0.9000
C             0.7001   1.0000   0.2300   0.1848  -0.7538   0.6395   0.4137  -0.0791  -0.2251  -0.0819  -0.1611   0.0151   0.0077  -0.0791  -0.7538   0.4137
I             0.8427   0.2300   1.0000   0.8937  -0.7390   0.7989   0.9190   0.1772   0.0975   0.0736   0.0314   0.0779   0.2641   0.1772  -0.7390   0.9190
R_K           0.7539   0.1848   0.8937   1.0000  -0.6410   0.7260   0.9469   0.5477   0.2565   0.3279   0.2460   0.3415   0.5082   0.5477  -0.6410   0.9469
R_N          -0.9437  -0.7538  -0.7390  -0.6410   1.0000  -0.7748  -0.8469   0.0944  -0.0185  -0.1955  -0.0958  -0.2681  -0.3544   0.0944   1.0000  -0.8469
W             0.9303   0.6395   0.7989   0.7260  -0.7748   1.0000   0.7972   0.2585  -0.1832  -0.2449  -0.2892  -0.1946  -0.0619   0.2585  -0.7748   0.7972
L             0.9000   0.4137   0.9190   0.9469  -0.8469   0.7972   1.0000   0.3185   0.2000   0.3195   0.2241   0.3522   0.5108   0.3185  -0.8469   1.0000
PPI           0.0908  -0.0791   0.1772   0.5477   0.0944   0.2585   0.3185   1.0000   0.2158   0.2282   0.1824   0.2217   0.2947   1.0000   0.0944   0.3185
MU_Z         -0.0522  -0.2251   0.0975   0.2565  -0.0185  -0.1832   0.2000   0.2158   1.0000   0.6760   0.5292   0.5546   0.5858   0.2158  -0.0185   0.2000
DY_OBS        0.0073  -0.0819   0.0736   0.3279  -0.1955  -0.2449   0.3195   0.2282   0.6760   1.0000   0.9146   0.9636   0.9489   0.2282  -0.1955   0.3195
DC_OBS       -0.0688  -0.1611   0.0314   0.2460  -0.0958  -0.2892   0.2241   0.1824   0.5292   0.9146   1.0000   0.8284   0.8223   0.1824  -0.0958   0.2241
DI_OBS        0.0634   0.0151   0.0779   0.3415  -0.2681  -0.1946   0.3522   0.2217   0.5546   0.9636   0.8284   1.0000   0.9604   0.2217  -0.2681   0.3522
DW_OBS        0.1961   0.0077   0.2641   0.5082  -0.3544  -0.0619   0.5108   0.2947   0.5858   0.9489   0.8223   0.9604   1.0000   0.2947  -0.3544   0.5108
PI_OBS        0.0908  -0.0791   0.1772   0.5477   0.0944   0.2585   0.3185   1.0000   0.2158   0.2282   0.1824   0.2217   0.2947   1.0000   0.0944   0.3185
R_N_OBS      -0.9437  -0.7538  -0.7390  -0.6410   1.0000  -0.7748  -0.8469   0.0944  -0.0185  -0.1955  -0.0958  -0.2681  -0.3544   0.0944   1.0000  -0.8469
L_OBS         0.9000   0.4137   0.9190   0.9469  -0.8469   0.7972   1.0000   0.3185   0.2000   0.3195   0.2241   0.3522   0.5108   0.3185  -0.8469   1.0000



COEFFICIENTS OF AUTOCORRELATION (Bandpass filter, (32 9999))
Order           1       2       3       4       5
Y          0.9936  0.9744  0.9431  0.9002  0.8467
C          0.9960  0.9842  0.9647  0.9380  0.9047
I          0.9941  0.9764  0.9475  0.9079  0.8585
R_K        0.9945  0.9779  0.9508  0.9138  0.8676
R_N        0.9934  0.9737  0.9415  0.8975  0.8428
W          0.9940  0.9762  0.9471  0.9071  0.8573
L          0.9932  0.9728  0.9395  0.8940  0.8373
PPI        0.9985  0.9941  0.9869  0.9769  0.9644
MU_Z       0.9930  0.9721  0.9379  0.8911  0.8330
DY_OBS     0.9905  0.9622  0.9160  0.8530  0.7750
DC_OBS     0.9902  0.9609  0.9130  0.8480  0.7675
DI_OBS     0.9897  0.9591  0.9090  0.8407  0.7561
DW_OBS     0.9906  0.9625  0.9165  0.8539  0.7762
PI_OBS     0.9985  0.9941  0.9869  0.9769  0.9644
R_N_OBS    0.9934  0.9737  0.9415  0.8975  0.8428
L_OBS      0.9932  0.9728  0.9395  0.8940  0.8373
Total computing time : 0h24m27s
